/usr/bin/gcc -fsyntax-only .//nested_while.c
/usr/bin/gcc -fsyntax-only .//nested_while1.c
/usr/bin/cpp -D__FUNCTION__="<unknown>" -I /cygdrive/c/NewRVT/debug/../tools/scripts/../ansi-c-lib -x c .//nested_while.c .//S0.c
/usr/bin/cpp -D__FUNCTION__="<unknown>" -I /cygdrive/c/NewRVT/debug/../tools/scripts/../ansi-c-lib -x c .//nested_while1.c .//S1.c
typedef int  (*rvt_FuncPtrSubst_int__const_void_ptr_const_void_ptr)(const void  *rv_arg_0, const void  *rv_arg_1);typedef int  (*rvt_FuncPtrSubst_int__const_void_ptr_const_void_ptr)(const void  *rv_arg_2, const void  *rv_arg_3);Warning: unable to find function class to match declaration of function pointer:
  int  (*rvt_FuncPtrSubst_int__const_void_ptr_const_void_ptr)(void  *rv_arg_0, void  *rv_arg_1)
Warning: unable to find function class to match declaration of function pointer:
  rvt_FuncPtrSubst_int__const_void_ptr_const_void_ptr  fncompare
Warning: unable to find function class to match declaration of function pointer:
  int  (*rvt_FuncPtrSubst_int__const_void_ptr_const_void_ptr)(void  *rv_arg_2, voidtypedef int  (*rvt_FuncPtrSubst_int__const_void_ptr_const_void_ptr)(void  *rv_arg_0, void  *rv_arg_1);typedef int  (*rvt_FuncPtrSubst_int__const_void_ptr_const_void_ptr)(void  *rv_arg_2, void  *rv_arg_3);  *rv_arg_3)
Warning: unable to find function class to match declaration of function pointer:
  rvt_FuncPtrSubst_int__const_void_ptr_const_void_ptr  fncompare
rm: No match.
Warning: allow UBS (-dk flag) for better check of functions with pointer argument(s).
  in: Loop_f_while1_while1 (side 0) 

C:\NewRVT\test\rvtest\nested_while_mt>c:/deltacheck-trunk/branches/summary/src/summarizer/summarizer.exe .\nested_while.c.rec.c --xml-ui --context-sensitive  1>Loop_f_while1_while1.sum 

C:\NewRVT\test\rvtest\nested_while_mt>c:/NewRVT/tools/scripts/SummarizerParser.exe Loop_f_while1_while1.sum Loop_f_while1_while1.sumres 

C:\NewRVT\test\rvtest\nested_while_mt>c:/deltacheck-trunk/branches/summary/src/summarizer/summarizer.exe .\nested_while1.c.rec.c --xml-ui --context-sensitive  1>Loop_f_while1_while1.sum 

C:\NewRVT\test\rvtest\nested_while_mt>c:/NewRVT/tools/scripts/SummarizerParser.exe Loop_f_while1_while1.sum Loop_f_while1_while1.sumres 
Loop_f_while1_while1.rv.c: In function ‘rvs0_Loop_f_while1_while1’:
Loop_f_while1_while1.rv.c:167:74: error: expected identifier before ‘=’ token
   rv_UF_Loop_f_while1_while1_array[rv_UF_Loop_f_while1_while1_count[0]]. = i; /* Generated by:  RVUFGen::gen_side0_uf(621)(626)(392)(306)/ c:\newrvt\rv_temps.cpp:362*/
                                                                          ^
Loop_f_while1_while1.rv.c:171:74: error: expected identifier before ‘=’ token
   rv_UF_Loop_f_while1_while1_array[rv_UF_Loop_f_while1_while1_count[0]]. = rvs0_g; /* Generated by:  RVUFGen::gen_side0_uf(621)(626)(392)(306)(621)/ RVGen::protect_pointer [op=4](626)(392)(306)(621)/ RVGen::protect_pointer [op=4](626)(392)(306)(621)(626)(392)(306)/ c:\newrvt\rv_temps.cpp:362*/
                                                                          ^
Loop_f_while1_while1.rv.c:174:75: error: expected identifier before ‘=’ token
   *rv_UF_Loop_f_while1_while1_array[rv_UF_Loop_f_while1_while1_count[0]]. = *rvp_x = (int )nondet_long(); /* Generated by:  RVUFGen::gen_side0_uf(621)(626)(392)(306)(621)/ RVGen::protect_pointer [op=4](626)(392)(306)(621)/ RVGen::protect_pointer [op=4](626)(392)(306)(621)(626)(392)(306)(621)/ RVGen::protect_pointer [op=2](626)(392)(276)/ c:\newrvt\rv_temps.cpp:412*/
                                                                           ^
Loop_f_while1_while1.rv.c:176:74: error: expected identifier before ‘=’ token
   rv_UF_Loop_f_while1_while1_array[rv_UF_Loop_f_while1_while1_count[0]]. = rvs0_g = (int )nondet_long(); /* Generated by:  RVUFGen::gen_side0_uf(621)(626)(392)(306)(621)/ RVGen::protect_pointer [op=4](626)(392)(306)(621)/ RVGen::protect_pointer [op=4](626)(392)(306)(621)(626)(392)(306)(621)/ RVGen::protect_pointer [op=2](626)(392)(276)(621)/ RVGen::protect_pointer [op=2](626)(392)(276)(621)(626)(392)(276)/ c:\newrvt\rv_temps.cpp:412*/
                                                                          ^
Loop_f_while1_while1.rv.c:177:74: error: expected identifier before ‘=’ token
   rv_UF_Loop_f_while1_while1_array[rv_UF_Loop_f_while1_while1_count[0]]. = retval = (unsigned char )nondet_int(); /* Generated by:  RVUFGen::gen_side0_uf(621)(626)(392)(306)(621)/ RVGen::protect_pointer [op=4](626)(392)(306)(621)/ RVGen::protect_pointer [op=4](626)(392)(306)(621)(626)(392)(306)(621)/ RVGen::protect_pointer [op=2](626)(392)(276)(621)/ RVGen::protect_pointer [op=2](626)(392)(276)(621)(626)(392)(276)(621)(626)(392)(276)/ c:\newrvt\rv_temps.cpp:412*/
                                                                          ^
Loop_f_while1_while1.rv.c: In function ‘rvs1_Loop_f_while1_while1’:
Loop_f_while1_while1.rv.c:194:59: error: expected identifier before ‘==’ token
     equal = (rv_UF_Loop_f_while1_while1_array[rv_uf_ind]. == i); /* Generated by:  RVUFGen::gen_side1_uf(621)(626)(392)(285)/ c:\newrvt\rv_temps.cpp:427*/
                                                           ^
Loop_f_while1_while1.rv.c:197:68: error: expected identifier before ‘==’ token
     equal = equal && (rv_UF_Loop_f_while1_while1_array[rv_uf_ind]. == rvs1_g); /* Generated by:  RVUFGen::gen_side1_uf(621)(626)(392)(285)(621)/ RVGen::protect_pointer [op=3](626)(392)(285)(621)/ RVGen::protect_pointer [op=3](626)(392)(285)(621)(626)(392)(285)/ c:\newrvt\rv_temps.cpp:427*/
                                                                    ^
Loop_f_while1_while1.rv.c: In function ‘rvt_token_initialize_mutual_termination_tokens_Loop_f_while1_while1’:
Loop_f_while1_while1.rv.c:233:4: error: ‘rvt_token_Loop_f_while1_while1_call_mark_array0’ undeclared (first use in this function)
    rvt_token_Loop_f_while1_while1_call_mark_array0[rvt_token_i] = 0;
    ^
Loop_f_while1_while1.rv.c:233:4: note: each undeclared identifier is reported only once for each function it appears in
Loop_f_while1_while1.rv.c:234:4: error: ‘rvt_token_Loop_f_while1_while1_call_mark_array1’ undeclared (first use in this function)
    rvt_token_Loop_f_while1_while1_call_mark_array1[rvt_token_i] = 0;
    ^
Loop_f_while1_while1.rv.c:236:3: error: ‘rvt_token_Loop_f_while1_while1_count’ undeclared (first use in this function)
   rvt_token_Loop_f_while1_while1_count = 0;
   ^
Loop_f_while1_while1.rv.c:237:3: error: ‘rvt_token_Loop_f_while1_while1_first_call_to_uf_flag’ undeclared (first use in this function)
   rvt_token_Loop_f_while1_while1_first_call_to_uf_flag = 0;
   ^
he value of mutual term check: 
RVT fatal error: Failed to execute semantic check command
