/usr/bin/gcc -fsyntax-only .//collatz.c
/usr/bin/gcc -fsyntax-only .//collatz1.c
/usr/bin/cpp -D__FUNCTION__="<unknown>" -I /cygdrive/c/NewRVT/debug/../tools/scripts/../ansi-c-lib -x c .//collatz.c .//S0.c
/usr/bin/cpp -D__FUNCTION__="<unknown>" -I /cygdrive/c/NewRVT/debug/../tools/scripts/../ansi-c-lib -x c .//collatz1.c .//S1.c
int  f(int  a)
{
  if (a > 1)
  {
    a = (a & 1) ? (3 * a + 1) : (a / 2);
    return f(a);
  }

  return a;
}
int  f(int  x)
{
  int  n;

  if (x <= 1)
  {
    return x;
  }

  n = x >> 1;
  if (x % 2)
  {
    n = 6 * n + 4;
  }

  return f(n);
}
int  f(int  a);int  f(int  x);rm: No match.

C:\NewRVT\test\rvtest\collatz_mt>c:/deltacheck-trunk/branches/summary/src/summarizer/summarizer.exe .\collatz.c.rec.c --xml-ui --context-sensitive  1>f.sum 

C:\NewRVT\test\rvtest\collatz_mt>c:/NewRVT/tools/scripts/SummarizerParser.exe f.sum f.sumres 

C:\NewRVT\test\rvtest\collatz_mt>c:/deltacheck-trunk/branches/summary/src/summarizer/summarizer.exe .\collatz1.c.rec.c --xml-ui --context-sensitive  1>f.sum 

C:\NewRVT\test\rvtest\collatz_mt>c:/NewRVT/tools/scripts/SummarizerParser.exe f.sum f.sumres 
f.rv.c: In function ‘rvs0_f’:
f.rv.c:72:36: error: expected identifier before ‘=’ token
   rv_UF_f_array[rv_UF_f_count[0]]. = a; /* Generated by:  RVUFGen::gen_side0_uf(621)(626)(392)(306)/ c:\newrvt\rv_temps.cpp:362*/
                                    ^
f.rv.c:76:36: error: expected identifier before ‘=’ token
   rv_UF_f_array[rv_UF_f_count[0]]. = retval = (int )nondet_long(); /* Generated by:  RVUFGen::gen_side0_uf(621)(626)(392)(306)(621)(626)(392)(276)/ c:\newrvt\rv_temps.cpp:412*/
                                    ^
f.rv.c: In function ‘rvs1_f’:
f.rv.c:93:40: error: expected identifier before ‘==’ token
     equal = (rv_UF_f_array[rv_uf_ind]. == x); /* Generated by:  RVUFGen::gen_side1_uf(621)(626)(392)(285)/ c:\newrvt\rv_temps.cpp:427*/
                                        ^
f.rv.c: In function ‘rvt_token_initialize_mutual_termination_tokens_f’:
f.rv.c:122:4: error: ‘rvt_token_f_call_mark_array0’ undeclared (first use in this function)
    rvt_token_f_call_mark_array0[rvt_token_i] = 0;
    ^
f.rv.c:122:4: note: each undeclared identifier is reported only once for each function it appears in
f.rv.c:123:4: error: ‘rvt_token_f_call_mark_array1’ undeclared (first use in this function)
    rvt_token_f_call_mark_array1[rvt_token_i] = 0;
    ^
f.rv.c:125:3: error: ‘rvt_token_f_count’ undeclared (first use in this function)
   rvt_token_f_count = 0;
   ^
f.rv.c:126:3: error: ‘rvt_token_f_first_call_to_uf_flag’ undeclared (first use in this function)
   rvt_token_f_first_call_to_uf_flag = 0;
   ^
he value of mutual term check: 
RVT fatal error: Failed to execute semantic check command
