/usr/bin/gcc -fsyntax-only .//ackermann.c
/usr/bin/gcc -fsyntax-only .//ackermann1.c
/usr/bin/cpp -D__FUNCTION__="<unknown>" -I /cygdrive/c/NewRVT/debug/../tools/scripts/../ansi-c-lib -x c .//ackermann.c .//S0.c
/usr/bin/cpp -D__FUNCTION__="<unknown>" -I /cygdrive/c/NewRVT/debug/../tools/scripts/../ansi-c-lib -x c .//ackermann1.c .//S1.c
float  rv_mult(float  x, float  y);float  rv_mult(float  x, float  y);float  rv_mult(float  x, float  y);float  rv_mult(float  x, float  y);rm: No match.

C:\NewRVT\test\rvtest\ackermann_mt>c:/deltacheck-trunk/branches/summary/src/summarizer/summarizer.exe .\ackermann.c.rec.c --xml-ui --context-sensitive  1>A.sum 

C:\NewRVT\test\rvtest\ackermann_mt>c:/NewRVT/tools/scripts/SummarizerParser.exe A.sum A.sumres 

C:\NewRVT\test\rvtest\ackermann_mt>c:/deltacheck-trunk/branches/summary/src/summarizer/summarizer.exe .\ackermann1.c.rec.c --xml-ui --context-sensitive  1>A.sum 

C:\NewRVT\test\rvtest\ackermann_mt>c:/NewRVT/tools/scripts/SummarizerParser.exe A.sum A.sumres 
A.rv.c: In function ‘rvs0_A’:
A.rv.c:80:36: error: expected identifier before ‘=’ token
   rv_UF_A_array[rv_UF_A_count[0]]. = m; /* Generated by:  RVUFGen::gen_side0_uf(621)(626)(392)(306)/ c:\newrvt\rv_temps.cpp:362*/
                                    ^
A.rv.c:85:36: error: expected identifier before ‘=’ token
   rv_UF_A_array[rv_UF_A_count[0]]. = retval = (int )nondet_long(); /* Generated by:  RVUFGen::gen_side0_uf(621)(626)(392)(306)(621)(626)(392)(306)(621)(626)(392)(276)/ c:\newrvt\rv_temps.cpp:412*/
                                    ^
A.rv.c: In function ‘rvs1_A’:
A.rv.c:102:40: error: expected identifier before ‘==’ token
     equal = (rv_UF_A_array[rv_uf_ind]. == m); /* Generated by:  RVUFGen::gen_side1_uf(621)(626)(392)(285)/ c:\newrvt\rv_temps.cpp:427*/
                                        ^
A.rv.c:116:37: error: expected identifier before ‘;’ token
   retval = rv_UF_A_array[found_ind].; /* Generated by:  RVUFGen::gen_input_found_case(621)(626)(392)(296)/ c:\newrvt\rv_temps.cpp:362*/
                                     ^
A.rv.c: In function ‘rvt_token_initialize_mutual_termination_tokens_A’:
A.rv.c:132:4: error: ‘rvt_token_A_call_mark_array0’ undeclared (first use in this function)
    rvt_token_A_call_mark_array0[rvt_token_i] = 0;
    ^
A.rv.c:132:4: note: each undeclared identifier is reported only once for each function it appears in
A.rv.c:133:4: error: ‘rvt_token_A_call_mark_array1’ undeclared (first use in this function)
    rvt_token_A_call_mark_array1[rvt_token_i] = 0;
    ^
A.rv.c:135:3: error: ‘rvt_token_A_count’ undeclared (first use in this function)
   rvt_token_A_count = 0;
   ^
A.rv.c:136:3: error: ‘rvt_token_A_first_call_to_uf_flag’ undeclared (first use in this function)
   rvt_token_A_first_call_to_uf_flag = 0;
   ^
he value of mutual term check: 
RVT fatal error: Failed to execute semantic check command
