/usr/bin/gcc -fsyntax-only .//bubble_sort.c
/usr/bin/gcc -fsyntax-only .//bubble_sort1.c
/usr/bin/cpp -D__FUNCTION__="<unknown>" -I /cygdrive/c/NewRVT/debug/../tools/scripts/../ansi-c-lib -x c .//bubble_sort.c .//S0.c
/usr/bin/cpp -D__FUNCTION__="<unknown>" -I /cygdrive/c/NewRVT/debug/../tools/scripts/../ansi-c-lib -x c .//bubble_sort1.c .//S1.c
float  rv_mult(float  x, float  y);float  rv_mult(float  x, float  y);Internal: j(needed by "Loop_bubble_sort_for1_for1") is not a global symbol,
  but is not defined in caller's ("Loop_bubble_sort_for1") prototype arguments or internal scope !
  at: ".//bubble_sort.c", 14, 8 
Internal: j(needed by "Loop_bubble_sort_for1_for1") is not a global symbol,
  but is not defined in caller's ("Loop_bfloat  rv_mult(float  x, float  y);float  rv_mult(float  x, float  y);ubble_sort_for1") prototype arguments or internal scope !
  at: ".//bubble_sort1.c", 16, 8 
rm: No match.
Warning: allow UBS (-dk flag) for better check of functions with pointer argument(s).
  in: Loop_bubble_sort_for1_for1 (side 0) 

C:\NewRVT\test\rvtest\bubble_sort_mt>c:/deltacheck-trunk/branches/summary/src/summarizer/summarizer.exe .\bubble_sort.c.rec.c --xml-ui --context-sensitive  1>Loop_bubble_sort_for1_for1.sum 

C:\NewRVT\test\rvtest\bubble_sort_mt>c:/NewRVT/tools/scripts/SummarizerParser.exe Loop_bubble_sort_for1_for1.sum Loop_bubble_sort_for1_for1.sumres 

C:\NewRVT\test\rvtest\bubble_sort_mt>c:/deltacheck-trunk/branches/summary/src/summarizer/summarizer.exe .\bubble_sort1.c.rec.c --xml-ui --context-sensitive  1>Loop_bubble_sort_for1_for1.sum 

C:\NewRVT\test\rvtest\bubble_sort_mt>c:/NewRVT/tools/scripts/SummarizerParser.exe Loop_bubble_sort_for1_for1.sum Loop_bubble_sort_for1_for1.sumres 
In file included from Loop_bubble_sort_for1_for1.rv.c:1:0:
Loop_bubble_sort_for1_for1.rv.c: In function ‘rvs0_Loop_bubble_sort_for1_for1’:
rv_declarations.h:28:67: error: expected identifier before ‘,’ token
 #define RVT_COPY_ARRAY(dst,src,sz)       {__CPROVER_array_copy(dst,src);}
                                                                   ^
Loop_bubble_sort_for1_for1.rv.c:118:3: note: in expansion of macro ‘RVT_COPY_ARRAY’
   RVT_COPY_ARRAY(rv_UF_Loop_bubble_sort_for1_for1_array[rv_UF_Loop_bubble_sort_for1_for1_count[0]].,a, 5); /* Generated by:  RVUFGen::gen_side0_uf(621)(626)(392)(302)/ c:\newrvt\rv_temps.cpp:368*/
   ^
rv_declarations.h:29:87: error: expected identifier before ‘,’ token
 #define RVT_NONDET_ARRAY(dst,sz)         {int nondet_arr[sz]; __CPROVER_array_copy(dst,nondet_arr);}
                                                                                       ^
Loop_bubble_sort_for1_for1.rv.c:124:3: note: in expansion of macro ‘RVT_NONDET_ARRAY’
   RVT_NONDET_ARRAY(rv_UF_Loop_bubble_sort_for1_for1_array[rv_UF_Loop_bubble_sort_for1_for1_count[0]].,5); /* Generated by:  RVUFGen::gen_side0_uf(621)(626)(392)(302)(621)(626)(392)(306)(621)/ RVGen::protect_pointer [op=4](626)(392)(306)(621)(626)(392)(270)/ c:\newrvt\rv_temps.cpp:388*/
   ^
rv_declarations.h:28:71: error: expected identifier before ‘)’ token
 #define RVT_COPY_ARRAY(dst,src,sz)       {__CPROVER_array_copy(dst,src);}
                                                                       ^
Loop_bubble_sort_for1_for1.rv.c:125:3: note: in expansion of macro ‘RVT_COPY_ARRAY’
   RVT_COPY_ARRAY(a,rv_UF_Loop_bubble_sort_for1_for1_array[rv_UF_Loop_bubble_sort_for1_for1_count[0]]., 5); /* Generated by:  RVUFGen::gen_side0_uf(621)(626)(392)(302)(621)(626)(392)(306)(621)/ RVGen::protect_pointer [op=4](626)(392)(306)(621)(626)(392)(270)/ c:\newrvt\rv_temps.cpp:389*/
   ^
Loop_bubble_sort_for1_for1.rv.c:127:86: error: expected identifier before ‘=’ token
   rv_UF_Loop_bubble_sort_for1_for1_array[rv_UF_Loop_bubble_sort_for1_for1_count[0]]. = retval = (unsigned char )nondet_int(); /* Generated by:  RVUFGen::gen_side0_uf(621)(626)(392)(302)(621)(626)(392)(306)(621)/ RVGen::protect_pointer [op=4](626)(392)(306)(621)(626)(392)(270)(621)/ RVGen::protect_pointer [op=2](626)(392)(276)(621)(626)(392)(276)/ c:\newrvt\rv_temps.cpp:412*/
                                                                                      ^
In file included from Loop_bubble_sort_for1_for1.rv.c:1:0:
Loop_bubble_sort_for1_for1.rv.c: In function ‘rvs1_Loop_bubble_sort_for1_for1’:
rv_declarations.h:31:85: error: expected identifier before ‘,’ token
 #define RVT_COMP_ARRAY(equal,dst,src,sz) {equal = equal && __CPROVER_array_equal(dst,src);}
                                                                                     ^
Loop_bubble_sort_for1_for1.rv.c:144:3: note: in expansion of macro ‘RVT_COMP_ARRAY’
   RVT_COMP_ARRAY(equal,rv_UF_Loop_bubble_sort_for1_for1_array[rv_uf_ind].,a,5); /* Generated by:  RVUFGen::gen_side1_uf(621)(626)(392)(284)/ c:\newrvt\rv_temps.cpp:394*/
   ^
rv_declarations.h:28:71: error: expected identifier before ‘)’ token
 #define RVT_COPY_ARRAY(dst,src,sz)       {__CPROVER_array_copy(dst,src);}
                                                                       ^
Loop_bubble_sort_for1_for1.rv.c:159:3: note: in expansion of macro ‘RVT_COPY_ARRAY’
   RVT_COPY_ARRAY(a,rv_UF_Loop_bubble_sort_for1_for1_array[found_ind]., 5); /* Generated by:  RVUFGen::gen_input_found_case(621)(626)(392)(291)/ c:\newrvt\rv_temps.cpp:368*/
   ^
Loop_bubble_sort_for1_for1.rv.c:161:62: error: expected identifier before ‘;’ token
   retval = rv_UF_Loop_bubble_sort_for1_for1_array[found_ind].; /* Generated by:  RVUFGen::gen_input_found_case(621)(626)(392)(291)(621)/ RVGen::protect_pointer [op=5](626)(392)(296)(621)(626)(392)(296)/ c:\newrvt\rv_temps.cpp:362*/
                                                              ^
Loop_bubble_sort_for1_for1.rv.c: In function ‘rvt_token_initialize_mutual_termination_tokens_Loop_bubble_sort_for1_for1’:
Loop_bubble_sort_for1_for1.rv.c:177:4: error: ‘rvt_token_Loop_bubble_sort_for1_for1_call_mark_array0’ undeclared (first use in this function)
    rvt_token_Loop_bubble_sort_for1_for1_call_mark_array0[rvt_token_i] = 0;
    ^
Loop_bubble_sort_for1_for1.rv.c:177:4: note: each undeclared identifier is reported only once for each function it appears in
Loop_bubble_sort_for1_for1.rv.c:178:4: error: ‘rvt_token_Loop_bubble_sort_for1_for1_call_mark_array1’ undeclared (first use in this function)
    rvt_token_Loop_bubble_sort_for1_for1_call_mark_array1[rvt_token_i] = 0;
    ^
Loop_bubble_sort_for1_for1.rv.c:180:3: error: ‘rvt_token_Loop_bubble_sort_for1_for1_count’ undeclared (first use in this function)
   rvt_token_Loop_bubble_sort_for1_for1_count = 0;
   ^
Loop_bubble_sort_for1_for1.rv.c:181:3: error: ‘rvt_token_Loop_bubble_sort_for1_for1_first_call_to_uf_flag’ undeclared (first use in this function)
   rvt_token_Loop_bubble_sort_for1_for1_first_call_to_uf_flag = 0;
   ^
he value of mutual term check: 
RVT fatal error: Failed to execute semantic check command
