/usr/bin/gcc -fsyntax-only .//rec_soundness.c
/usr/bin/gcc -fsyntax-only .//rec_soundness1.c
/usr/bin/cpp -D__FUNCTION__="<unknown>" -I /cygdrive/c/NewRVT/debug/../tools/scripts/../ansi-c-lib -x c .//rec_soundness.c .//S0.c
/usr/bin/cpp -D__FUNCTION__="<unknown>" -I /cygdrive/c/NewRVT/debug/../tools/scripts/../ansi-c-lib -x c .//rec_soundness1.c .//S1.c
typedef int  (*rvt_FuncPtrSubst_int__const_void_ptr_const_void_ptr)(const void  *rv_arg_0, const void  *rv_arg_1);typedef int  (*rvt_FuncPtrSubst_int__const_void_ptr_const_void_ptr)(const void  *rv_arg_2, const void  *rv_arg_3);Warning: unable to find function class to match declaration of function pointer:
  int  (*rvt_FuncPtrSubst_int__const_void_ptr_const_void_ptr)(void  *rv_arg_0, void  *rv_arg_1)
Warning: unable to find function class to match declaration of function pointer:
  rvt_FuncPtrSubst_int__const_void_ptr_const_void_ptr  fncompare
Warning: unable to find function class to match declaration of function pointer:
  int  (*rvt_FuncPtrSubst_int__const_void_ptr_const_void_ptr)(void  *rv_arg_2, voidtypedef int  (*rvt_FuncPtrSubst_int__const_void_ptr_const_void_ptr)(void  *rv_arg_0, void  *rv_arg_1);typedef int  (*rvt_FuncPtrSubst_int__const_void_ptr_const_void_ptr)(void  *rv_arg_2, void  *rv_arg_3);  *rv_arg_3)
Warning: unable to find function class to match declaration of function pointer:
  rvt_FuncPtrSubst_int__const_void_ptr_const_void_ptr  fncompare
rm: No match.

C:\NewRVT\test\rvtest\glob_write_only_mt>c:/deltacheck-trunk/branches/summary/src/summarizer/summarizer.exe .\rec_soundness.c.rec.c --xml-ui --context-sensitive  1>f.sum 

C:\NewRVT\test\rvtest\glob_write_only_mt>c:/NewRVT/tools/scripts/SummarizerParser.exe f.sum f.sumres 0 

C:\NewRVT\test\rvtest\glob_write_only_mt>c:/deltacheck-trunk/branches/summary/src/summarizer/summarizer.exe .\rec_soundness1.c.rec.c --xml-ui --context-sensitive  1>f.sum 

C:\NewRVT\test\rvtest\glob_write_only_mt>c:/NewRVT/tools/scripts/SummarizerParser.exe f.sum f.sumres 1 
f.rv.c: In function ‘rvs0_f’:
f.rv.c:140:36: error: expected identifier before ‘=’ token
   rv_UF_f_array[rv_UF_f_count[0]]. = x; /* Generated by:  RVUFGen::gen_side0_uf(621)(626)(392)(306)/ c:\newrvt\rv_temps.cpp:362*/
                                    ^
f.rv.c:144:36: error: expected identifier before ‘=’ token
   rv_UF_f_array[rv_UF_f_count[0]]. = rvs0_g = (int )nondet_long(); /* Generated by:  RVUFGen::gen_side0_uf(621)(626)(392)(306)(621)(626)(392)(276)/ c:\newrvt\rv_temps.cpp:412*/
                                    ^
f.rv.c:145:36: error: expected identifier before ‘=’ token
   rv_UF_f_array[rv_UF_f_count[0]]. = retval = (int )nondet_long(); /* Generated by:  RVUFGen::gen_side0_uf(621)(626)(392)(306)(621)(626)(392)(276)(621)(626)(392)(276)/ c:\newrvt\rv_temps.cpp:412*/
                                    ^
f.rv.c: In function ‘rvs1_f’:
f.rv.c:162:40: error: expected identifier before ‘==’ token
     equal = (rv_UF_f_array[rv_uf_ind]. == x); /* Generated by:  RVUFGen::gen_side1_uf(621)(626)(392)(285)/ c:\newrvt\rv_temps.cpp:427*/
                                        ^
f.rv.c: In function ‘rvt_token_initialize_mutual_termination_tokens_f’:
f.rv.c:192:4: error: ‘rvt_token_f_call_mark_array0’ undeclared (first use in this function)
    rvt_token_f_call_mark_array0[rvt_token_i] = 0;
    ^
f.rv.c:192:4: note: each undeclared identifier is reported only once for each function it appears in
f.rv.c:193:4: error: ‘rvt_token_f_call_mark_array1’ undeclared (first use in this function)
    rvt_token_f_call_mark_array1[rvt_token_i] = 0;
    ^
f.rv.c:195:3: error: ‘rvt_token_f_count’ undeclared (first use in this function)
   rvt_token_f_count = 0;
   ^
f.rv.c:196:3: error: ‘rvt_token_f_first_call_to_uf_flag’ undeclared (first use in this function)
   rvt_token_f_first_call_to_uf_flag = 0;
   ^
he value of mutual term check: 
RVT fatal error: Failed to execute semantic check command
