/usr/bin/gcc -fsyntax-only .//gcd_refined.c
/usr/bin/gcc -fsyntax-only .//gcd_refined1.c
/usr/bin/cpp -D__FUNCTION__="<unknown>" -I /cygdrive/c/NewRVT/debug/../tools/scripts/../ansi-c-lib -x c .//gcd_refined.c .//S0.c
/usr/bin/cpp -D__FUNCTION__="<unknown>" -I /cygdrive/c/NewRVT/debug/../tools/scripts/../ansi-c-lib -x c .//gcd_refined1.c .//S1.c
int  rv_getint();int  rv_getint();int  rv_getint();int  rv_getint();rm: No match.
( swap, swap ) : passed
Warning: allow UBS (-dk flag) for better check of functions with pointer argument(s).
  in: Loop_gcd_while1 (side 0) 

C:\NewRVT\test\rvtest\gcd_refined_mt>c:/deltacheck-trunk/branches/summary/src/summarizer/summarizer.exe .\gcd_refined.c.rec.c --xml-ui --context-sensitive  1>Loop_gcd_while1.sum 

C:\NewRVT\test\rvtest\gcd_refined_mt>c:/NewRVT/tools/scripts/SummarizerParser.exe Loop_gcd_while1.sum Loop_gcd_while1.sumres 

C:\NewRVT\test\rvtest\gcd_refined_mt>c:/deltacheck-trunk/branches/summary/src/summarizer/summarizer.exe .\gcd_refined1.c.rec.c --xml-ui --context-sensitive  1>Loop_gcd_while1.sum 

C:\NewRVT\test\rvtest\gcd_refined_mt>c:/NewRVT/tools/scripts/SummarizerParser.exe Loop_gcd_while1.sum Loop_gcd_while1.sumres 
Loop_gcd_while1.rv.c: In function ‘rvs0_Loop_gcd_while1’:
Loop_gcd_while1.rv.c:107:65: error: expected identifier before ‘=’ token
   *rv_UF_Loop_gcd_while1_array[rv_UF_Loop_gcd_while1_count[0]]. = *rvp_a; /* Generated by:  RVUFGen::gen_side0_uf(621)/ RVGen::protect_pointer [op=4](626)(392)(306)/ c:\newrvt\rv_temps.cpp:362*/
                                                                 ^
Loop_gcd_while1.rv.c:113:65: error: expected identifier before ‘=’ token
   *rv_UF_Loop_gcd_while1_array[rv_UF_Loop_gcd_while1_count[0]]. = *rvp_a = (char )nondet_int(); /* Generated by:  RVUFGen::gen_side0_uf(621)/ RVGen::protect_pointer [op=4](626)(392)(306)(621)/ RVGen::protect_pointer [op=4](626)(392)(306)(621)/ RVGen::protect_pointer [op=4](626)(392)(306)(621)/ RVGen::protect_pointer [op=2](626)(392)(276)/ c:\newrvt\rv_temps.cpp:412*/
                                                                 ^
Loop_gcd_while1.rv.c:115:64: error: expected identifier before ‘=’ token
   rv_UF_Loop_gcd_while1_array[rv_UF_Loop_gcd_while1_count[0]]. = retval = (unsigned char )nondet_int(); /* Generated by:  RVUFGen::gen_side0_uf(621)/ RVGen::protect_pointer [op=4](626)(392)(306)(621)/ RVGen::protect_pointer [op=4](626)(392)(306)(621)/ RVGen::protect_pointer [op=4](626)(392)(306)(621)/ RVGen::protect_pointer [op=2](626)(392)(276)(621)/ RVGen::protect_pointer [op=2](626)(392)(276)(621)(626)(392)(276)/ c:\newrvt\rv_temps.cpp:412*/
                                                                ^
Loop_gcd_while1.rv.c: In function ‘rvs1_Loop_gcd_while1’:
Loop_gcd_while1.rv.c:132:55: error: expected identifier before ‘==’ token
     equal = (*rv_UF_Loop_gcd_while1_array[rv_uf_ind]. == *rvp_a); /* Generated by:  RVUFGen::gen_side1_uf(621)/ RVGen::protect_pointer [op=3](626)(392)(285)/ c:\newrvt\rv_temps.cpp:427*/
                                                       ^
Loop_gcd_while1.rv.c:147:52: error: expected identifier before ‘;’ token
   *rvp_a = *rv_UF_Loop_gcd_while1_array[found_ind].; /* Generated by:  RVUFGen::gen_input_found_case(621)/ RVGen::protect_pointer [op=5](626)(392)(296)/ c:\newrvt\rv_temps.cpp:362*/
                                                    ^
Loop_gcd_while1.rv.c:149:51: error: expected identifier before ‘;’ token
   retval = rv_UF_Loop_gcd_while1_array[found_ind].; /* Generated by:  RVUFGen::gen_input_found_case(621)/ RVGen::protect_pointer [op=5](626)(392)(296)(621)/ RVGen::protect_pointer [op=5](626)(392)(296)(621)(626)(392)(296)/ c:\newrvt\rv_temps.cpp:362*/
                                                   ^
Loop_gcd_while1.rv.c: In function ‘rvt_token_initialize_mutual_termination_tokens_Loop_gcd_while1’:
Loop_gcd_while1.rv.c:165:4: error: ‘rvt_token_Loop_gcd_while1_call_mark_array0’ undeclared (first use in this function)
    rvt_token_Loop_gcd_while1_call_mark_array0[rvt_token_i] = 0;
    ^
Loop_gcd_while1.rv.c:165:4: note: each undeclared identifier is reported only once for each function it appears in
Loop_gcd_while1.rv.c:166:4: error: ‘rvt_token_Loop_gcd_while1_call_mark_array1’ undeclared (first use in this function)
    rvt_token_Loop_gcd_while1_call_mark_array1[rvt_token_i] = 0;
    ^
Loop_gcd_while1.rv.c:168:3: error: ‘rvt_token_Loop_gcd_while1_count’ undeclared (first use in this function)
   rvt_token_Loop_gcd_while1_count = 0;
   ^
Loop_gcd_while1.rv.c:169:3: error: ‘rvt_token_Loop_gcd_while1_first_call_to_uf_flag’ undeclared (first use in this function)
   rvt_token_Loop_gcd_while1_first_call_to_uf_flag = 0;
   ^
he value of mutual term check: 
RVT fatal error: Failed to execute semantic check command
